<?xml version="1.0" encoding="UTF-8"?>
<!-- Generated by org.testng.reporters.JUnitReportReporter -->
<testsuite skipped="0" hostname="DABOGASIERU" name="com.APISmartFabric.Tests.POSTLoginTest2" tests="2" failures="0" timestamp="16 Jan 2019 11:21:45 GMT" time="1.259" errors="0">
  <testcase name="postWrongLogin" time="0.034" classname="com.APISmartFabric.Tests.POSTLoginTest2"/>
  <testcase name="postLogin" time="1.225" classname="com.APISmartFabric.Tests.POSTLoginTest2"/>
</testsuite> <!-- com.APISmartFabric.Tests.POSTLoginTest2 -->
