<?xml version="1.0" encoding="UTF-8"?>
<!-- Generated by org.testng.reporters.JUnitReportReporter -->
<testsuite skipped="0" hostname="DABOGASIERU" name="com.APISmartFabric.Tests.POSTLoginTest" tests="2" failures="0" timestamp="17 Jan 2019 07:45:17 GMT" time="1.323" errors="0">
  <testcase name="postWrongLogin" time="0.038" classname="com.APISmartFabric.Tests.POSTLoginTest"/>
  <testcase name="postLogin" time="1.285" classname="com.APISmartFabric.Tests.POSTLoginTest"/>
</testsuite> <!-- com.APISmartFabric.Tests.POSTLoginTest -->
