<?xml version="1.0" encoding="UTF-8"?>
<!-- Generated by org.testng.reporters.JUnitReportReporter -->
<testsuite skipped="0" hostname="DABOGASIERU" name="com.APISmartFabric.Tests.BddSyntaxRest" tests="2" failures="1" timestamp="15 Jan 2019 08:04:16 GMT" time="1.342" errors="0">
  <testcase name="getUserById" time="1.225" classname="com.APISmartFabric.Tests.BddSyntaxRest"/>
  <testcase name="postUserData" time="0.117" classname="com.APISmartFabric.Tests.BddSyntaxRest">
    <failure type="java.lang.AssertionError" message="1 expectation failed.
Response body doesn&#039;t match expectation.
Expected: a string containing &quot;code&quot;
  Actual: {&quot;timestamp&quot;:&quot;2019-01-15T10:04:15.929392&quot;,&quot;httpStatus&quot;:422,&quot;exceptionClass&quot;:&quot;ch.agys.fabric.identity.exception.UnprocessableEntityException&quot;,&quot;exceptionMessage&quot;:&quot;There is already an user with the same &#039;email&#039;.&quot;,&quot;stackTrace&quot;:&quot;ch.agys.fabric.identity.exception.UnprocessableEntityException: There is already an user with the same &#039;email&#039;.\n\tat ch.agys.fabric.identity.controller.AdminController.createUser(AdminController.java:96)\n\tat ch.agys.fabric.identity.controller.AdminController$$FastClassBySpringCGLIB$$14f771a5.invoke(&lt;generated&gt;)\n\tat org.springframework.cglib.proxy.MethodProxy.invoke(MethodProxy.java:218)\n\tat org.springframework.aop.framework.CglibAopProxy$CglibMethodInvocation.invokeJoinpoint(CglibAopProxy.java:749)\n\tat org.springframework.aop.framework.ReflectiveMethodInvocation.proceed(ReflectiveMethodInvocation.java:163)\n\tat org.apache.shiro.spring.security.interceptor.AopAllianceAnnotationsAuthorizingMethodInterceptor$1.proceed(AopAllianceAnnotationsAuthorizingMethodInterceptor.java:82)\n\tat org.apache.shiro.authz.aop.AuthorizingMethodInterceptor.invoke(AuthorizingMethodInterceptor.java:39)\n\tat org.apache.shiro.spring.security.interceptor.AopAllianceAnnotationsAuthorizingMethodInterceptor.invoke(AopAllianceAnnotationsAuthorizingMethodInterceptor.java:115)\n\tat org.springframework.aop.framework.ReflectiveMethodInvocation.proceed(ReflectiveMethodInvocation.java:186)\n\tat org.springframework.aop.framework.CglibAopProxy$DynamicAdvisedInterceptor.intercept(CglibAopProxy.java:688)\n\tat ch.agys.fabric.identity.controller.AdminController$$EnhancerBySpringCGLIB$$83566b41.createUser(&lt;generated&gt;)\n\tat ch.agys.fabric.identity.controller.AdminController$$FastClassBySpringCGLIB$$14f771a5.invoke(&lt;generated&gt;)\n\tat org.springframework.cglib.proxy.MethodProxy.invoke(MethodProxy.java:218)\n\tat org.springframework.aop.framework.CglibAopProxy$CglibMethodInvocation.invokeJoinpoint(CglibAopProxy.java:749)\n\tat org.springframework.aop.framework.ReflectiveMethodInvocation.proceed(ReflectiveMethodInvocation.java:163)\n\tat org.apache.shiro.spring.security.interceptor.AopAllianceAnnotationsAuthorizingMethodInterceptor$1.proceed(AopAllianceAnnotationsAuthorizingMethodInterceptor.java:82)\n\tat org.apache.shiro.authz.aop.AuthorizingMethodInterceptor.invoke(AuthorizingMethodInterceptor.java:39)\n\tat org.apache.shiro.spring.security.interceptor.AopAllianceAnnotationsAuthorizingMethodInterceptor.invoke(AopAllianceAnnotationsAuthorizingMethodInterceptor.java:115)\n\tat org.springframework.aop.framework.ReflectiveMethodInvocation.proceed(ReflectiveMethodInvocation.java:186)\n\tat org.springframework.aop.framework.CglibAopProxy$DynamicAdvisedInterceptor.intercept(CglibAopProxy.java:688)\n\tat ch.agys.fabric.identity.controller.AdminController$$EnhancerBySpringCGLIB$$2e9fd5ed.createUser(&lt;generated&gt;)\n\tat java.base/jdk.internal.reflect.NativeMethodAccessorImpl.invoke0(Native Method)\n\tat java.base/jdk.internal.reflect.NativeMethodAccessorImpl.invoke(NativeMethodAccessorImpl.java:62)\n\tat java.base/jdk.internal.reflect.DelegatingMethodAccessorImpl.invoke(DelegatingMethodAccessorImpl.java:43)\n\tat java.base/java.lang.reflect.Method.invoke(Method.java:566)\n\tat org.springframework.web.method.support.InvocableHandlerMethod.doInvoke(InvocableHandlerMethod.java:189)\n\tat org.springframework.web.method.support.InvocableHandlerMethod.invokeForRequest(InvocableHandlerMethod.java:138)\n\tat org.springframework.web.servlet.mvc.method.annotation.ServletInvocableHandlerMethod.invokeAndHandle(ServletInvocableHandlerMethod.java:102)\n\tat org.springframework.web.servlet.mvc.method.annotation.RequestMappingHandlerAdapter.invokeHandlerMethod(RequestMappingHandlerAdapter.java:895)\n\tat org.springframework.web.servlet.mvc.method.annotation.RequestMappingHandlerAdapter.handleInternal(RequestMappingHandlerAdapter.java:800)\n\tat org.springframework.web.servlet.mvc.method.AbstractHandlerMethodAdapter.handle(AbstractHandlerMethodAdapter.java:87)\n\tat org.springframework.web.servlet.DispatcherServlet.doDispatch(DispatcherServlet.java:1038)\n\tat org.springframework.web.servlet.DispatcherServlet.doService(DispatcherServlet.java:942)\n\tat org.springframework.web.servlet.FrameworkServlet.processRequest(FrameworkServlet.java:1005)\n\tat org.springframework.web.servlet.FrameworkServlet.doPost(FrameworkServlet.java:908)\n\tat javax.servlet.http.HttpServlet.service(HttpServlet.java:665)\n\tat org.springframework.web.servlet.FrameworkServlet.service(FrameworkServlet.java:882)\n\tat javax.servlet.http.HttpServlet.service(HttpServlet.java:750)\n\tat io.undertow.servlet.handlers.ServletHandler.handleRequest(ServletHandler.java:74)\n\tat io.undertow.servlet.handlers.FilterHandler$FilterChainImpl.doFilter(FilterHandler.java:129)\n\tat org.springframework.web.filter.CorsFilter.doFilterInternal(CorsFilter.java:96)\n\tat org.springframework.web.filter.OncePerRequestFilter.doFilter(OncePerRequestFilter.java:107)\n\tat io.undertow.servlet.core.ManagedFilter.doFilter(ManagedFilter.java:61)\n\tat io.undertow.servlet.handlers.FilterHandler$FilterChainImpl.doFilter(FilterHandler.java:131)\n\tat org.apache.shiro.web.servlet.OncePerRequestFilter.doFilter(OncePerRequestFilter.java:112)\n\tat io.undertow.servlet.core.ManagedFilter.doFilter(ManagedFilter.java:61)\n\tat io.undertow.servlet.handlers.FilterHandler$FilterChainImpl.doFilter(FilterHandler.java:131)\n\tat org.springframework.boot.actuate.web.trace.servlet.HttpTraceFilter.doFilterInternal(HttpTraceFilter.java:90)\n\tat org.springframework.web.filter.OncePerRequestFilter.doFilter(OncePerRequestFilter.java:107)\n\tat io.undertow.servlet.core.ManagedFilter.doFilter(ManagedFilter.java:61)\n\tat io.undertow.servlet.handlers.FilterHandler$FilterChainImpl.doFilter(FilterHandler.java:131)\n\tat org.apache.shiro.web.servlet.ProxiedFilterChain.doFilter(ProxiedFilterChain.java:61)\n\tat org.apache.shiro.web.servlet.AdviceFilter.executeChain(AdviceFilter.java:108)\n\tat org.apache.shiro.web.servlet.AdviceFilter.doFilterInternal(AdviceFilter.java:137)\n\tat org.apache.shiro.web.servlet.OncePerRequestFilter.doFilter(OncePerRequestFilter.java:125)\n\tat org.apache.shiro.web.servlet.ProxiedFilterChain.doFilter(ProxiedFilterChain.java:66)\n\tat org.apache.shiro.web.servlet.AbstractShiroFilter.executeChain(AbstractShiroFilter.java:449)\n\tat org.apache.shiro.web.servlet.AbstractShiroFilter$1.call(AbstractShiroFilter.java:365)\n\tat org.apache.shiro.subject.support.SubjectCallable.doCall(SubjectCallable.java:90)\n\tat org.apache.shiro.subject.support.SubjectCallable.call(SubjectCallable.java:83)\n\tat org.apache.shiro.subject.support.DelegatingSubject.execute(DelegatingSubject.java:387)\n\tat org.apache.shiro.web.servlet.AbstractShiroFilter.doFilterInternal(AbstractShiroFilter.java:362)\n\tat org.apache.shiro.web.servlet.OncePerRequestFilter.doFilter(OncePerRequestFilter.java:125)\n\tat io.undertow.servlet.core.ManagedFilter.doFilter(ManagedFilter.java:61)\n\tat io.undertow.servlet.handlers.FilterHandler$FilterChainImpl.doFilter(FilterHandler.java:131)\n\tat org.springframework.web.filter.RequestContextFilter.doFilterInternal(RequestContextFilter.java:99)\n\tat org.springframework.web.filter.OncePerRequestFilter.doFilter(OncePerRequestFilter.java:107)\n\tat io.undertow.servlet.core.ManagedFilter.doFilter(ManagedFilter.java:61)\n\tat io.undertow.servlet.handlers.FilterHandler$FilterChainImpl.doFilter(FilterHandler.java:131)\n\tat org.springframework.web.filter.FormContentFilter.doFilterInternal(FormContentFilter.java:92)\n\tat org.springframework.web.filter.OncePerRequestFilter.doFilter(OncePerRequestFilter.java:107)\n\tat io.undertow.servlet.core.ManagedFilter.doFilter(ManagedFilter.java:61)\n\tat io.undertow.servlet.handlers.FilterHandler$FilterChainImpl.doFilter(FilterHandler.java:131)\n\tat org.springframework.web.filter.HiddenHttpMethodFilter.doFilterInternal(HiddenHttpMethodFilter.java:93)\n\tat org.springframework.web.filter.OncePerRequestFilter.doFilter(OncePerRequestFilter.java:107)\n\tat io.undertow.servlet.core.ManagedFilter.doFilter(ManagedFilter.java:61)\n\tat io.undertow.servlet.handlers.FilterHandler$FilterChainImpl.doFilter(FilterHandler.java:131)\n\tat org.springframework.cloud.sleuth.instrument.web.ExceptionLoggingFilter.doFilter(ExceptionLoggingFilter.java:50)\n\tat io.undertow.servlet.core.ManagedFilter.doFilter(ManagedFilter.java:61)\n\tat io.undertow.servlet.handlers.FilterHandler$FilterChainImpl.doFilter(FilterHandler.java:131)\n\tat brave.servlet.TracingFilter.doFilter(TracingFilter.java:86)\n\tat io.undertow.servlet.core.ManagedFilter.doFilter(ManagedFilter.java:61)\n\tat io.undertow.servlet.handlers.FilterHandler$FilterChainImpl.doFilter(FilterHandler.java:131)\n\tat org.springframework.boot.actuate.metrics.web.servlet.WebMvcMetricsFilter.filterAndRecordMetrics(WebMvcMetricsFilter.java:117)\n\tat org.springframework.boot.actuate.metrics.web.servlet.WebMvcMetricsFilter.doFilterInternal(WebMvcMetricsFilter.java:106)\n\tat org.springframework.web.filter.OncePerRequestFilter.doFilter(OncePerRequestFilter.java:107)\n\tat io.undertow.servlet.core.ManagedFilter.doFilter(ManagedFilter.java:61)\n\tat io.undertow.servlet.handlers.FilterHandler$FilterChainImpl.doFilter(FilterHandler.java:131)\n\tat org.springframework.web.filter.CharacterEncodingFilter.doFilterInternal(CharacterEncodingFilter.java:200)\n\tat org.springframework.web.filter.OncePerRequestFilter.doFilter(OncePerRequestFilter.java:107)\n\tat io.undertow.servlet.core.ManagedFilter.doFilter(ManagedFilter.java:61)\n\tat io.undertow.servlet.handlers.FilterHandler$FilterChainImpl.doFilter(FilterHandler.java:131)\n\tat io.undertow.servlet.handlers.FilterHandler.handleRequest(FilterHandler.java:84)\n\tat io.undertow.servlet.handlers.security.ServletSecurityRoleHandler.handleRequest(ServletSecurityRoleHandler.java:62)\n\tat io.undertow.servlet.handlers.ServletChain$1.handleRequest(ServletChain.java:68)\n\tat io.undertow.servlet.handlers.ServletDispatchingHandler.handleRequest(ServletDispatchingHandler.java:36)\n\tat io.undertow.servlet.handlers.security.SSLInformationAssociationHandler.handleRequest(SSLInformationAssociationHandler.java:132)\n\tat io.undertow.servlet.handlers.security.ServletAuthenticationCallHandler.handleRequest(ServletAuthenticationCallHandler.java:57)\n\tat io.undertow.server.handlers.PredicateHandler.handleRequest(PredicateHandler.java:43)\n\tat io.undertow.security.handlers.AbstractConfidentialityHandler.handleRequest(AbstractConfidentialityHandler.java:46)\n\tat io.undertow.servlet.handlers.security.ServletConfidentialityConstraintHandler.handleRequest(ServletConfidentialityConstraintHandler.java:64)\n\tat io.undertow.security.handlers.AuthenticationMechanismsHandler.handleRequest(AuthenticationMechanismsHandler.java:60)\n\tat io.undertow.servlet.handlers.security.CachedAuthenticatedSessionHandler.handleRequest(CachedAuthenticatedSessionHandler.java:77)\n\tat io.undertow.security.handlers.AbstractSecurityContextAssociationHandler.handleRequest(AbstractSecurityContextAssociationHandler.java:43)\n\tat io.undertow.server.handlers.PredicateHandler.handleRequest(PredicateHandler.java:43)\n\tat io.undertow.server.handlers.PredicateHandler.handleRequest(PredicateHandler.java:43)\n\tat io.undertow.servlet.handlers.ServletInitialHandler.handleFirstRequest(ServletInitialHandler.java:292)\n\tat io.undertow.servlet.handlers.ServletInitialHandler.access$100(ServletInitialHandler.java:81)\n\tat io.undertow.servlet.handlers.ServletInitialHandler$2.call(ServletInitialHandler.java:138)\n\tat io.undertow.servlet.handlers.ServletInitialHandler$2.call(ServletInitialHandler.java:135)\n\tat io.undertow.servlet.core.ServletRequestContextThreadSetupAction$1.call(ServletRequestContextThreadSetupAction.java:48)\n\tat io.undertow.servlet.core.ContextClassLoaderSetupAction$1.call(ContextClassLoaderSetupAction.java:43)\n\tat io.undertow.servlet.handlers.ServletInitialHandler.dispatchRequest(ServletInitialHandler.java:272)\n\tat io.undertow.servlet.handlers.ServletInitialHandler.access$000(ServletInitialHandler.java:81)\n\tat io.undertow.servlet.handlers.ServletInitialHandler$1.handleRequest(ServletInitialHandler.java:104)\n\tat io.undertow.server.Connectors.executeRootHandler(Connectors.java:360)\n\tat io.undertow.server.HttpServerExchange$1.run(HttpServerExchange.java:830)\n\tat java.base/java.util.concurrent.ThreadPoolExecutor.runWorker(ThreadPoolExecutor.java:1128)\n\tat java.base/java.util.concurrent.ThreadPoolExecutor$Worker.run(ThreadPoolExecutor.java:628)\n\tat java.base/java.lang.Thread.run(Thread.java:834)\n&quot;,&quot;requestUri&quot;:&quot;/identity/admin/users&quot;,&quot;applicationName&quot;:&quot;identity-service&quot;,&quot;traceId&quot;:&quot;741e880639e12d61&quot;,&quot;spanId&quot;:&quot;8367274718023200097&quot;}
">
      <![CDATA[java.lang.AssertionError: 1 expectation failed.
Response body doesn't match expectation.
Expected: a string containing "code"
  Actual: {"timestamp":"2019-01-15T10:04:15.929392","httpStatus":422,"exceptionClass":"ch.agys.fabric.identity.exception.UnprocessableEntityException","exceptionMessage":"There is already an user with the same 'email'.","stackTrace":"ch.agys.fabric.identity.exception.UnprocessableEntityException: There is already an user with the same 'email'.\n\tat ch.agys.fabric.identity.controller.AdminController.createUser(AdminController.java:96)\n\tat ch.agys.fabric.identity.controller.AdminController$$FastClassBySpringCGLIB$$14f771a5.invoke(<generated>)\n\tat org.springframework.cglib.proxy.MethodProxy.invoke(MethodProxy.java:218)\n\tat org.springframework.aop.framework.CglibAopProxy$CglibMethodInvocation.invokeJoinpoint(CglibAopProxy.java:749)\n\tat org.springframework.aop.framework.ReflectiveMethodInvocation.proceed(ReflectiveMethodInvocation.java:163)\n\tat org.apache.shiro.spring.security.interceptor.AopAllianceAnnotationsAuthorizingMethodInterceptor$1.proceed(AopAllianceAnnotationsAuthorizingMethodInterceptor.java:82)\n\tat org.apache.shiro.authz.aop.AuthorizingMethodInterceptor.invoke(AuthorizingMethodInterceptor.java:39)\n\tat org.apache.shiro.spring.security.interceptor.AopAllianceAnnotationsAuthorizingMethodInterceptor.invoke(AopAllianceAnnotationsAuthorizingMethodInterceptor.java:115)\n\tat org.springframework.aop.framework.ReflectiveMethodInvocation.proceed(ReflectiveMethodInvocation.java:186)\n\tat org.springframework.aop.framework.CglibAopProxy$DynamicAdvisedInterceptor.intercept(CglibAopProxy.java:688)\n\tat ch.agys.fabric.identity.controller.AdminController$$EnhancerBySpringCGLIB$$83566b41.createUser(<generated>)\n\tat ch.agys.fabric.identity.controller.AdminController$$FastClassBySpringCGLIB$$14f771a5.invoke(<generated>)\n\tat org.springframework.cglib.proxy.MethodProxy.invoke(MethodProxy.java:218)\n\tat org.springframework.aop.framework.CglibAopProxy$CglibMethodInvocation.invokeJoinpoint(CglibAopProxy.java:749)\n\tat org.springframework.aop.framework.ReflectiveMethodInvocation.proceed(ReflectiveMethodInvocation.java:163)\n\tat org.apache.shiro.spring.security.interceptor.AopAllianceAnnotationsAuthorizingMethodInterceptor$1.proceed(AopAllianceAnnotationsAuthorizingMethodInterceptor.java:82)\n\tat org.apache.shiro.authz.aop.AuthorizingMethodInterceptor.invoke(AuthorizingMethodInterceptor.java:39)\n\tat org.apache.shiro.spring.security.interceptor.AopAllianceAnnotationsAuthorizingMethodInterceptor.invoke(AopAllianceAnnotationsAuthorizingMethodInterceptor.java:115)\n\tat org.springframework.aop.framework.ReflectiveMethodInvocation.proceed(ReflectiveMethodInvocation.java:186)\n\tat org.springframework.aop.framework.CglibAopProxy$DynamicAdvisedInterceptor.intercept(CglibAopProxy.java:688)\n\tat ch.agys.fabric.identity.controller.AdminController$$EnhancerBySpringCGLIB$$2e9fd5ed.createUser(<generated>)\n\tat java.base/jdk.internal.reflect.NativeMethodAccessorImpl.invoke0(Native Method)\n\tat java.base/jdk.internal.reflect.NativeMethodAccessorImpl.invoke(NativeMethodAccessorImpl.java:62)\n\tat java.base/jdk.internal.reflect.DelegatingMethodAccessorImpl.invoke(DelegatingMethodAccessorImpl.java:43)\n\tat java.base/java.lang.reflect.Method.invoke(Method.java:566)\n\tat org.springframework.web.method.support.InvocableHandlerMethod.doInvoke(InvocableHandlerMethod.java:189)\n\tat org.springframework.web.method.support.InvocableHandlerMethod.invokeForRequest(InvocableHandlerMethod.java:138)\n\tat org.springframework.web.servlet.mvc.method.annotation.ServletInvocableHandlerMethod.invokeAndHandle(ServletInvocableHandlerMethod.java:102)\n\tat org.springframework.web.servlet.mvc.method.annotation.RequestMappingHandlerAdapter.invokeHandlerMethod(RequestMappingHandlerAdapter.java:895)\n\tat org.springframework.web.servlet.mvc.method.annotation.RequestMappingHandlerAdapter.handleInternal(RequestMappingHandlerAdapter.java:800)\n\tat org.springframework.web.servlet.mvc.method.AbstractHandlerMethodAdapter.handle(AbstractHandlerMethodAdapter.java:87)\n\tat org.springframework.web.servlet.DispatcherServlet.doDispatch(DispatcherServlet.java:1038)\n\tat org.springframework.web.servlet.DispatcherServlet.doService(DispatcherServlet.java:942)\n\tat org.springframework.web.servlet.FrameworkServlet.processRequest(FrameworkServlet.java:1005)\n\tat org.springframework.web.servlet.FrameworkServlet.doPost(FrameworkServlet.java:908)\n\tat javax.servlet.http.HttpServlet.service(HttpServlet.java:665)\n\tat org.springframework.web.servlet.FrameworkServlet.service(FrameworkServlet.java:882)\n\tat javax.servlet.http.HttpServlet.service(HttpServlet.java:750)\n\tat io.undertow.servlet.handlers.ServletHandler.handleRequest(ServletHandler.java:74)\n\tat io.undertow.servlet.handlers.FilterHandler$FilterChainImpl.doFilter(FilterHandler.java:129)\n\tat org.springframework.web.filter.CorsFilter.doFilterInternal(CorsFilter.java:96)\n\tat org.springframework.web.filter.OncePerRequestFilter.doFilter(OncePerRequestFilter.java:107)\n\tat io.undertow.servlet.core.ManagedFilter.doFilter(ManagedFilter.java:61)\n\tat io.undertow.servlet.handlers.FilterHandler$FilterChainImpl.doFilter(FilterHandler.java:131)\n\tat org.apache.shiro.web.servlet.OncePerRequestFilter.doFilter(OncePerRequestFilter.java:112)\n\tat io.undertow.servlet.core.ManagedFilter.doFilter(ManagedFilter.java:61)\n\tat io.undertow.servlet.handlers.FilterHandler$FilterChainImpl.doFilter(FilterHandler.java:131)\n\tat org.springframework.boot.actuate.web.trace.servlet.HttpTraceFilter.doFilterInternal(HttpTraceFilter.java:90)\n\tat org.springframework.web.filter.OncePerRequestFilter.doFilter(OncePerRequestFilter.java:107)\n\tat io.undertow.servlet.core.ManagedFilter.doFilter(ManagedFilter.java:61)\n\tat io.undertow.servlet.handlers.FilterHandler$FilterChainImpl.doFilter(FilterHandler.java:131)\n\tat org.apache.shiro.web.servlet.ProxiedFilterChain.doFilter(ProxiedFilterChain.java:61)\n\tat org.apache.shiro.web.servlet.AdviceFilter.executeChain(AdviceFilter.java:108)\n\tat org.apache.shiro.web.servlet.AdviceFilter.doFilterInternal(AdviceFilter.java:137)\n\tat org.apache.shiro.web.servlet.OncePerRequestFilter.doFilter(OncePerRequestFilter.java:125)\n\tat org.apache.shiro.web.servlet.ProxiedFilterChain.doFilter(ProxiedFilterChain.java:66)\n\tat org.apache.shiro.web.servlet.AbstractShiroFilter.executeChain(AbstractShiroFilter.java:449)\n\tat org.apache.shiro.web.servlet.AbstractShiroFilter$1.call(AbstractShiroFilter.java:365)\n\tat org.apache.shiro.subject.support.SubjectCallable.doCall(SubjectCallable.java:90)\n\tat org.apache.shiro.subject.support.SubjectCallable.call(SubjectCallable.java:83)\n\tat org.apache.shiro.subject.support.DelegatingSubject.execute(DelegatingSubject.java:387)\n\tat org.apache.shiro.web.servlet.AbstractShiroFilter.doFilterInternal(AbstractShiroFilter.java:362)\n\tat org.apache.shiro.web.servlet.OncePerRequestFilter.doFilter(OncePerRequestFilter.java:125)\n\tat io.undertow.servlet.core.ManagedFilter.doFilter(ManagedFilter.java:61)\n\tat io.undertow.servlet.handlers.FilterHandler$FilterChainImpl.doFilter(FilterHandler.java:131)\n\tat org.springframework.web.filter.RequestContextFilter.doFilterInternal(RequestContextFilter.java:99)\n\tat org.springframework.web.filter.OncePerRequestFilter.doFilter(OncePerRequestFilter.java:107)\n\tat io.undertow.servlet.core.ManagedFilter.doFilter(ManagedFilter.java:61)\n\tat io.undertow.servlet.handlers.FilterHandler$FilterChainImpl.doFilter(FilterHandler.java:131)\n\tat org.springframework.web.filter.FormContentFilter.doFilterInternal(FormContentFilter.java:92)\n\tat org.springframework.web.filter.OncePerRequestFilter.doFilter(OncePerRequestFilter.java:107)\n\tat io.undertow.servlet.core.ManagedFilter.doFilter(ManagedFilter.java:61)\n\tat io.undertow.servlet.handlers.FilterHandler$FilterChainImpl.doFilter(FilterHandler.java:131)\n\tat org.springframework.web.filter.HiddenHttpMethodFilter.doFilterInternal(HiddenHttpMethodFilter.java:93)\n\tat org.springframework.web.filter.OncePerRequestFilter.doFilter(OncePerRequestFilter.java:107)\n\tat io.undertow.servlet.core.ManagedFilter.doFilter(ManagedFilter.java:61)\n\tat io.undertow.servlet.handlers.FilterHandler$FilterChainImpl.doFilter(FilterHandler.java:131)\n\tat org.springframework.cloud.sleuth.instrument.web.ExceptionLoggingFilter.doFilter(ExceptionLoggingFilter.java:50)\n\tat io.undertow.servlet.core.ManagedFilter.doFilter(ManagedFilter.java:61)\n\tat io.undertow.servlet.handlers.FilterHandler$FilterChainImpl.doFilter(FilterHandler.java:131)\n\tat brave.servlet.TracingFilter.doFilter(TracingFilter.java:86)\n\tat io.undertow.servlet.core.ManagedFilter.doFilter(ManagedFilter.java:61)\n\tat io.undertow.servlet.handlers.FilterHandler$FilterChainImpl.doFilter(FilterHandler.java:131)\n\tat org.springframework.boot.actuate.metrics.web.servlet.WebMvcMetricsFilter.filterAndRecordMetrics(WebMvcMetricsFilter.java:117)\n\tat org.springframework.boot.actuate.metrics.web.servlet.WebMvcMetricsFilter.doFilterInternal(WebMvcMetricsFilter.java:106)\n\tat org.springframework.web.filter.OncePerRequestFilter.doFilter(OncePerRequestFilter.java:107)\n\tat io.undertow.servlet.core.ManagedFilter.doFilter(ManagedFilter.java:61)\n\tat io.undertow.servlet.handlers.FilterHandler$FilterChainImpl.doFilter(FilterHandler.java:131)\n\tat org.springframework.web.filter.CharacterEncodingFilter.doFilterInternal(CharacterEncodingFilter.java:200)\n\tat org.springframework.web.filter.OncePerRequestFilter.doFilter(OncePerRequestFilter.java:107)\n\tat io.undertow.servlet.core.ManagedFilter.doFilter(ManagedFilter.java:61)\n\tat io.undertow.servlet.handlers.FilterHandler$FilterChainImpl.doFilter(FilterHandler.java:131)\n\tat io.undertow.servlet.handlers.FilterHandler.handleRequest(FilterHandler.java:84)\n\tat io.undertow.servlet.handlers.security.ServletSecurityRoleHandler.handleRequest(ServletSecurityRoleHandler.java:62)\n\tat io.undertow.servlet.handlers.ServletChain$1.handleRequest(ServletChain.java:68)\n\tat io.undertow.servlet.handlers.ServletDispatchingHandler.handleRequest(ServletDispatchingHandler.java:36)\n\tat io.undertow.servlet.handlers.security.SSLInformationAssociationHandler.handleRequest(SSLInformationAssociationHandler.java:132)\n\tat io.undertow.servlet.handlers.security.ServletAuthenticationCallHandler.handleRequest(ServletAuthenticationCallHandler.java:57)\n\tat io.undertow.server.handlers.PredicateHandler.handleRequest(PredicateHandler.java:43)\n\tat io.undertow.security.handlers.AbstractConfidentialityHandler.handleRequest(AbstractConfidentialityHandler.java:46)\n\tat io.undertow.servlet.handlers.security.ServletConfidentialityConstraintHandler.handleRequest(ServletConfidentialityConstraintHandler.java:64)\n\tat io.undertow.security.handlers.AuthenticationMechanismsHandler.handleRequest(AuthenticationMechanismsHandler.java:60)\n\tat io.undertow.servlet.handlers.security.CachedAuthenticatedSessionHandler.handleRequest(CachedAuthenticatedSessionHandler.java:77)\n\tat io.undertow.security.handlers.AbstractSecurityContextAssociationHandler.handleRequest(AbstractSecurityContextAssociationHandler.java:43)\n\tat io.undertow.server.handlers.PredicateHandler.handleRequest(PredicateHandler.java:43)\n\tat io.undertow.server.handlers.PredicateHandler.handleRequest(PredicateHandler.java:43)\n\tat io.undertow.servlet.handlers.ServletInitialHandler.handleFirstRequest(ServletInitialHandler.java:292)\n\tat io.undertow.servlet.handlers.ServletInitialHandler.access$100(ServletInitialHandler.java:81)\n\tat io.undertow.servlet.handlers.ServletInitialHandler$2.call(ServletInitialHandler.java:138)\n\tat io.undertow.servlet.handlers.ServletInitialHandler$2.call(ServletInitialHandler.java:135)\n\tat io.undertow.servlet.core.ServletRequestContextThreadSetupAction$1.call(ServletRequestContextThreadSetupAction.java:48)\n\tat io.undertow.servlet.core.ContextClassLoaderSetupAction$1.call(ContextClassLoaderSetupAction.java:43)\n\tat io.undertow.servlet.handlers.ServletInitialHandler.dispatchRequest(ServletInitialHandler.java:272)\n\tat io.undertow.servlet.handlers.ServletInitialHandler.access$000(ServletInitialHandler.java:81)\n\tat io.undertow.servlet.handlers.ServletInitialHandler$1.handleRequest(ServletInitialHandler.java:104)\n\tat io.undertow.server.Connectors.executeRootHandler(Connectors.java:360)\n\tat io.undertow.server.HttpServerExchange$1.run(HttpServerExchange.java:830)\n\tat java.base/java.util.concurrent.ThreadPoolExecutor.runWorker(ThreadPoolExecutor.java:1128)\n\tat java.base/java.util.concurrent.ThreadPoolExecutor$Worker.run(ThreadPoolExecutor.java:628)\n\tat java.base/java.lang.Thread.run(Thread.java:834)\n","requestUri":"/identity/admin/users","applicationName":"identity-service","traceId":"741e880639e12d61","spanId":"8367274718023200097"}

	at sun.reflect.NativeConstructorAccessorImpl.newInstance0(Native Method)
	at sun.reflect.NativeConstructorAccessorImpl.newInstance(Unknown Source)
	at sun.reflect.DelegatingConstructorAccessorImpl.newInstance(Unknown Source)
	at java.lang.reflect.Constructor.newInstance(Unknown Source)
	at org.codehaus.groovy.reflection.CachedConstructor.invoke(CachedConstructor.java:80)
	at org.codehaus.groovy.reflection.CachedConstructor.doConstructorInvoke(CachedConstructor.java:74)
	at org.codehaus.groovy.runtime.callsite.ConstructorSite$ConstructorSiteNoUnwrap.callConstructor(ConstructorSite.java:84)
	at org.codehaus.groovy.runtime.callsite.CallSiteArray.defaultCallConstructor(CallSiteArray.java:60)
	at org.codehaus.groovy.runtime.callsite.AbstractCallSite.callConstructor(AbstractCallSite.java:235)
	at org.codehaus.groovy.runtime.callsite.AbstractCallSite.callConstructor(AbstractCallSite.java:247)
	at com.jayway.restassured.internal.ResponseSpecificationImpl$HamcrestAssertionClosure.validate(ResponseSpecificationImpl.groovy:598)
	at com.jayway.restassured.internal.ResponseSpecificationImpl$HamcrestAssertionClosure$validate$1.call(Unknown Source)
	at com.jayway.restassured.internal.ResponseSpecificationImpl.validateResponseIfRequired(ResponseSpecificationImpl.groovy:760)
	at sun.reflect.NativeMethodAccessorImpl.invoke0(Native Method)
	at sun.reflect.NativeMethodAccessorImpl.invoke(Unknown Source)
	at sun.reflect.DelegatingMethodAccessorImpl.invoke(Unknown Source)
	at java.lang.reflect.Method.invoke(Unknown Source)
	at org.codehaus.groovy.runtime.callsite.PogoMetaMethodSite$PogoCachedMethodSiteNoUnwrapNoCoerce.invoke(PogoMetaMethodSite.java:210)
	at org.codehaus.groovy.runtime.callsite.PogoMetaMethodSite.callCurrent(PogoMetaMethodSite.java:59)
	at org.codehaus.groovy.runtime.callsite.CallSiteArray.defaultCallCurrent(CallSiteArray.java:52)
	at org.codehaus.groovy.runtime.callsite.AbstractCallSite.callCurrent(AbstractCallSite.java:154)
	at org.codehaus.groovy.runtime.callsite.AbstractCallSite.callCurrent(AbstractCallSite.java:166)
	at com.jayway.restassured.internal.ResponseSpecificationImpl.content(ResponseSpecificationImpl.groovy:92)
	at com.jayway.restassured.specification.ResponseSpecification$content$1.callCurrent(Unknown Source)
	at org.codehaus.groovy.runtime.callsite.CallSiteArray.defaultCallCurrent(CallSiteArray.java:52)
	at org.codehaus.groovy.runtime.callsite.AbstractCallSite.callCurrent(AbstractCallSite.java:154)
	at org.codehaus.groovy.runtime.callsite.AbstractCallSite.callCurrent(AbstractCallSite.java:174)
	at com.jayway.restassured.internal.ResponseSpecificationImpl.body(ResponseSpecificationImpl.groovy:230)
	at com.jayway.restassured.internal.ValidatableResponseOptionsImpl.body(ValidatableResponseOptionsImpl.java:258)
	at com.APISmartFabric.Tests.BddSyntaxRest.postUserData(BddSyntaxRest.java:43)
	at sun.reflect.NativeMethodAccessorImpl.invoke0(Native Method)
	at sun.reflect.NativeMethodAccessorImpl.invoke(Unknown Source)
	at sun.reflect.DelegatingMethodAccessorImpl.invoke(Unknown Source)
	at java.lang.reflect.Method.invoke(Unknown Source)
	at org.testng.internal.MethodInvocationHelper.invokeMethod(MethodInvocationHelper.java:108)
	at org.testng.internal.Invoker.invokeMethod(Invoker.java:661)
	at org.testng.internal.Invoker.invokeTestMethod(Invoker.java:869)
	at org.testng.internal.Invoker.invokeTestMethods(Invoker.java:1193)
	at org.testng.internal.TestMethodWorker.invokeTestMethods(TestMethodWorker.java:126)
	at org.testng.internal.TestMethodWorker.run(TestMethodWorker.java:109)
	at org.testng.TestRunner.privateRun(TestRunner.java:744)
	at org.testng.TestRunner.run(TestRunner.java:602)
	at org.testng.SuiteRunner.runTest(SuiteRunner.java:380)
	at org.testng.SuiteRunner.runSequentially(SuiteRunner.java:375)
	at org.testng.SuiteRunner.privateRun(SuiteRunner.java:340)
	at org.testng.SuiteRunner.run(SuiteRunner.java:289)
	at org.testng.SuiteRunnerWorker.runSuite(SuiteRunnerWorker.java:52)
	at org.testng.SuiteRunnerWorker.run(SuiteRunnerWorker.java:86)
	at org.testng.TestNG.runSuitesSequentially(TestNG.java:1301)
	at org.testng.TestNG.runSuitesLocally(TestNG.java:1226)
	at org.testng.TestNG.runSuites(TestNG.java:1144)
	at org.testng.TestNG.run(TestNG.java:1115)
	at org.testng.remote.AbstractRemoteTestNG.run(AbstractRemoteTestNG.java:114)
	at org.testng.remote.RemoteTestNG.initAndRun(RemoteTestNG.java:251)
	at org.testng.remote.RemoteTestNG.main(RemoteTestNG.java:77)
]]>
    </failure>
  </testcase> <!-- postUserData -->
</testsuite> <!-- com.APISmartFabric.Tests.BddSyntaxRest -->
